<?xml version="1.0" encoding="UTF-8"?>
<!-- Generated by org.testng.reporters.JUnitReportReporter -->
<testsuite hostname="DESKTOP-A1LSEU8" failures="0" tests="1" name="com.test.logic.LogicClass" time="6.397" errors="0" timestamp="2024-08-19T05:51:17 GMT-06:00" skipped="0">
  <testcase classname="com.test.logic.LogicClass" name="test1" time="6.397"/>
  <system-out/>
</testsuite> <!-- com.test.logic.LogicClass -->
