<?xml version="1.0" encoding="UTF-8"?>
<!-- Generated by org.testng.reporters.JUnitReportReporter -->
<testsuite hostname="DESKTOP-A1LSEU8" failures="0" tests="6" name="com.test.logic.LogicClass" time="32.529" errors="0" timestamp="2024-08-19T05:31:42 GMT-06:00" skipped="0">
  <testcase classname="com.test.logic.LogicClass" name="test1" time="6.016"/>
  <system-out/>
  <testcase classname="com.test.logic.LogicClass" name="test6" time="5.179"/>
  <system-out/>
  <testcase classname="com.test.logic.LogicClass" name="test4" time="5.220"/>
  <system-out/>
  <testcase classname="com.test.logic.LogicClass" name="test3" time="5.413"/>
  <system-out/>
  <testcase classname="com.test.logic.LogicClass" name="test5" time="5.443"/>
  <system-out/>
  <testcase classname="com.test.logic.LogicClass" name="test2" time="5.258"/>
  <system-out/>
</testsuite> <!-- com.test.logic.LogicClass -->
